[0210/184746.417:ERROR:process_info.cc(359)] UncheckedAllocate
[0210/184939.521:ERROR:process_info.cc(359)] UncheckedAllocate
[0211/194332.209:ERROR:process_info.cc(359)] UncheckedAllocate
[0211/194337.157:ERROR:process_info.cc(359)] UncheckedAllocate
[0211/195847.866:ERROR:process_info.cc(359)] UncheckedAllocate
[0214/191216.239:ERROR:process_info.cc(359)] UncheckedAllocate
[0214/191223.834:ERROR:process_info.cc(359)] UncheckedAllocate
[0214/191329.486:ERROR:process_info.cc(359)] UncheckedAllocate
[0214/191341.824:ERROR:process_info.cc(359)] UncheckedAllocate
[0214/192744.661:ERROR:process_info.cc(359)] UncheckedAllocate
[0214/192858.404:ERROR:process_info.cc(359)] UncheckedAllocate
[0215/114620.613:ERROR:process_info.cc(359)] UncheckedAllocate
[0215/114701.975:ERROR:process_info.cc(359)] UncheckedAllocate
[0215/114724.492:ERROR:process_info.cc(359)] UncheckedAllocate
[0215/185036.875:ERROR:process_info.cc(359)] UncheckedAllocate
[0215/185036.955:ERROR:process_memory_win.cc(73)] ReadMemory at 0x6b9fffb000 of 20480 bytes failed: Only part of a ReadProcessMemory or WriteProcessMemory request was completed. (0x12B)
[0215/185036.957:ERROR:process_memory_win.cc(73)] ReadMemory at 0x6ba07fd000 of 12288 bytes failed: Only part of a ReadProcessMemory or WriteProcessMemory request was completed. (0x12B)
[0215/185036.957:ERROR:process_memory_win.cc(73)] ReadMemory at 0x6ba0ffd000 of 12288 bytes failed: Only part of a ReadProcessMemory or WriteProcessMemory request was completed. (0x12B)
[0215/185036.957:ERROR:process_memory_win.cc(73)] ReadMemory at 0x6ba17fd000 of 12288 bytes failed: Only part of a ReadProcessMemory or WriteProcessMemory request was completed. (0x12B)
[0215/185036.958:ERROR:process_memory_win.cc(73)] ReadMemory at 0x6ba1ffc000 of 16384 bytes failed: Only part of a ReadProcessMemory or WriteProcessMemory request was completed. (0x12B)
[0215/185036.959:ERROR:process_memory_win.cc(73)] ReadMemory at 0x6ba27fe000 of 8192 bytes failed: Only part of a ReadProcessMemory or WriteProcessMemory request was completed. (0x12B)
[0215/185036.959:ERROR:process_memory_win.cc(73)] ReadMemory at 0x6b9f7c3000 of 852 bytes failed: Only part of a ReadProcessMemory or WriteProcessMemory request was completed. (0x12B)
[0215/185036.959:ERROR:process_memory_win.cc(73)] ReadMemory at 0x6b9f7c4000 of 6024 bytes failed: Only part of a ReadProcessMemory or WriteProcessMemory request was completed. (0x12B)
[0215/185036.960:ERROR:process_memory_win.cc(73)] ReadMemory at 0x6b9f7c6000 of 6024 bytes failed: Only part of a ReadProcessMemory or WriteProcessMemory request was completed. (0x12B)
[0215/185036.961:ERROR:process_memory_win.cc(73)] ReadMemory at 0x6b9f7c8000 of 6024 bytes failed: Only part of a ReadProcessMemory or WriteProcessMemory request was completed. (0x12B)
[0215/185036.961:ERROR:process_memory_win.cc(73)] ReadMemory at 0x6b9f7ca000 of 6024 bytes failed: Only part of a ReadProcessMemory or WriteProcessMemory request was completed. (0x12B)
[0215/185036.961:ERROR:process_memory_win.cc(73)] ReadMemory at 0x6b9f7cc000 of 6024 bytes failed: Only part of a ReadProcessMemory or WriteProcessMemory request was completed. (0x12B)
[0215/185036.961:ERROR:process_memory_win.cc(73)] ReadMemory at 0x6b9f7ce000 of 6024 bytes failed: Only part of a ReadProcessMemory or WriteProcessMemory request was completed. (0x12B)
[0215/185036.962:ERROR:process_memory_win.cc(73)] ReadMemory at 0x22fb4390fe0 of 15658 bytes failed: Only part of a ReadProcessMemory or WriteProcessMemory request was completed. (0x12B)
[0215/185036.963:ERROR:process_memory_win.cc(73)] ReadMemory at 0x22fb4394d20 of 1012 bytes failed: Only part of a ReadProcessMemory or WriteProcessMemory request was completed. (0x12B)
[0215/185036.963:ERROR:process_memory_win.cc(73)] ReadMemory at 0x22fb4395348 of 118 bytes failed: Only part of a ReadProcessMemory or WriteProcessMemory request was completed. (0x12B)
[0215/185036.963:ERROR:process_memory_win.cc(73)] ReadMemory at 0x22fb43953c0 of 860 bytes failed: Only part of a ReadProcessMemory or WriteProcessMemory request was completed. (0x12B)
[0215/185036.964:ERROR:process_memory_win.cc(73)] ReadMemory at 0x22fb439571e of 118 bytes failed: Only part of a ReadProcessMemory or WriteProcessMemory request was completed. (0x12B)
[0215/185036.964:ERROR:process_memory_win.cc(73)] ReadMemory at 0x22fb4395796 of 98 bytes failed: Only part of a ReadProcessMemory or WriteProcessMemory request was completed. (0x12B)
[0215/185036.964:ERROR:process_memory_win.cc(73)] ReadMemory at 0x22fb4395810 of 58 bytes failed: Only part of a ReadProcessMemory or WriteProcessMemory request was completed. (0x12B)
[0215/185036.964:ERROR:process_memory_win.cc(73)] ReadMemory at 0x22fb4395910 of 132 bytes failed: Only part of a ReadProcessMemory or WriteProcessMemory request was completed. (0x12B)
[0215/185036.964:ERROR:process_memory_win.cc(73)] ReadMemory at 0x22fb4395aa0 of 132 bytes failed: Only part of a ReadProcessMemory or WriteProcessMemory request was completed. (0x12B)
[0215/185036.965:ERROR:process_memory_win.cc(73)] ReadMemory at 0x22fb4395c60 of 126 bytes failed: Only part of a ReadProcessMemory or WriteProcessMemory request was completed. (0x12B)
[0215/185036.965:ERROR:process_memory_win.cc(73)] ReadMemory at 0x22fb4396040 of 132 bytes failed: Only part of a ReadProcessMemory or WriteProcessMemory request was completed. (0x12B)
[0215/185036.965:ERROR:process_memory_win.cc(73)] ReadMemory at 0x22fb43961d0 of 64 bytes failed: Only part of a ReadProcessMemory or WriteProcessMemory request was completed. (0x12B)
[0215/185036.965:ERROR:process_memory_win.cc(73)] ReadMemory at 0x22fb4396220 of 132 bytes failed: Only part of a ReadProcessMemory or WriteProcessMemory request was completed. (0x12B)
[0215/185036.965:ERROR:process_memory_win.cc(73)] ReadMemory at 0x22fb4396390 of 132 bytes failed: Only part of a ReadProcessMemory or WriteProcessMemory request was completed. (0x12B)
[0215/185036.965:ERROR:process_memory_win.cc(73)] ReadMemory at 0x22fb4396630 of 132 bytes failed: Only part of a ReadProcessMemory or WriteProcessMemory request was completed. (0x12B)
[0215/185036.966:ERROR:process_memory_win.cc(73)] ReadMemory at 0x22fb43967c0 of 68 bytes failed: Only part of a ReadProcessMemory or WriteProcessMemory request was completed. (0x12B)
[0215/185036.966:ERROR:process_memory_win.cc(73)] ReadMemory at 0x22fb43976d0 of 158 bytes failed: Only part of a ReadProcessMemory or WriteProcessMemory request was completed. (0x12B)
[0215/185036.966:ERROR:process_memory_win.cc(73)] ReadMemory at 0x22fb43977b0 of 132 bytes failed: Only part of a ReadProcessMemory or WriteProcessMemory request was completed. (0x12B)
[0215/185036.966:ERROR:process_memory_win.cc(73)] ReadMemory at 0x22fb4397940 of 154 bytes failed: Only part of a ReadProcessMemory or WriteProcessMemory request was completed. (0x12B)
[0215/185036.966:ERROR:process_memory_win.cc(73)] ReadMemory at 0x22fb4398470 of 132 bytes failed: Only part of a ReadProcessMemory or WriteProcessMemory request was completed. (0x12B)
[0215/185036.967:ERROR:process_memory_win.cc(73)] ReadMemory at 0x22fb4398750 of 62 bytes failed: Only part of a ReadProcessMemory or WriteProcessMemory request was completed. (0x12B)
[0215/185036.967:ERROR:process_memory_win.cc(73)] ReadMemory at 0x22fb43988b0 of 132 bytes failed: Only part of a ReadProcessMemory or WriteProcessMemory request was completed. (0x12B)
[0215/185036.967:ERROR:process_memory_win.cc(73)] ReadMemory at 0x22fb4398a40 of 60 bytes failed: Only part of a ReadProcessMemory or WriteProcessMemory request was completed. (0x12B)
[0215/185036.967:ERROR:process_memory_win.cc(73)] ReadMemory at 0x22fb4399e1c of 512 bytes failed: Only part of a ReadProcessMemory or WriteProcessMemory request was completed. (0x12B)
[0215/185036.967:ERROR:process_memory_win.cc(73)] ReadMemory at 0x22fb439a590 of 132 bytes failed: Only part of a ReadProcessMemory or WriteProcessMemory request was completed. (0x12B)
[0215/185036.968:ERROR:process_memory_win.cc(73)] ReadMemory at 0x22fb439cca0 of 132 bytes failed: Only part of a ReadProcessMemory or WriteProcessMemory request was completed. (0x12B)
[0215/185036.968:ERROR:process_memory_win.cc(73)] ReadMemory at 0x22fb439cf80 of 132 bytes failed: Only part of a ReadProcessMemory or WriteProcessMemory request was completed. (0x12B)
[0215/185036.968:ERROR:process_memory_win.cc(73)] ReadMemory at 0x22fb439d140 of 132 bytes failed: Only part of a ReadProcessMemory or WriteProcessMemory request was completed. (0x12B)
[0215/185036.969:ERROR:process_memory_win.cc(73)] ReadMemory at 0x22fb439d2d0 of 80 bytes failed: Only part of a ReadProcessMemory or WriteProcessMemory request was completed. (0x12B)
[0215/185036.969:ERROR:process_memory_win.cc(73)] ReadMemory at 0x22fb439d3f0 of 64 bytes failed: Only part of a ReadProcessMemory or WriteProcessMemory request was completed. (0x12B)
[0215/185036.969:ERROR:process_memory_win.cc(73)] ReadMemory at 0x22fb439d440 of 64 bytes failed: Only part of a ReadProcessMemory or WriteProcessMemory request was completed. (0x12B)
[0215/185036.969:ERROR:process_memory_win.cc(73)] ReadMemory at 0x22fb439d490 of 62 bytes failed: Only part of a ReadProcessMemory or WriteProcessMemory request was completed. (0x12B)
[0215/185036.969:ERROR:process_memory_win.cc(73)] ReadMemory at 0x22fb439d4e0 of 62 bytes failed: Only part of a ReadProcessMemory or WriteProcessMemory request was completed. (0x12B)
[0215/185036.970:ERROR:process_memory_win.cc(73)] ReadMemory at 0x22fb439d530 of 60 bytes failed: Only part of a ReadProcessMemory or WriteProcessMemory request was completed. (0x12B)
[0215/185036.970:ERROR:process_memory_win.cc(73)] ReadMemory at 0x22fb439d5d0 of 64 bytes failed: Only part of a ReadProcessMemory or WriteProcessMemory request was completed. (0x12B)
[0215/185036.970:ERROR:process_memory_win.cc(73)] ReadMemory at 0x22fb439d620 of 64 bytes failed: Only part of a ReadProcessMemory or WriteProcessMemory request was completed. (0x12B)
[0215/185036.970:ERROR:process_memory_win.cc(73)] ReadMemory at 0x22fb439d760 of 66 bytes failed: Only part of a ReadProcessMemory or WriteProcessMemory request was completed. (0x12B)
[0215/185036.971:ERROR:process_memory_win.cc(73)] ReadMemory at 0x22fb439d800 of 60 bytes failed: Only part of a ReadProcessMemory or WriteProcessMemory request was completed. (0x12B)
[0215/185036.971:ERROR:process_memory_win.cc(73)] ReadMemory at 0x22fb439e9a0 of 76 bytes failed: Only part of a ReadProcessMemory or WriteProcessMemory request was completed. (0x12B)
[0215/185036.971:ERROR:process_memory_win.cc(73)] ReadMemory at 0x22fb43a2e90 of 54 bytes failed: Only part of a ReadProcessMemory or WriteProcessMemory request was completed. (0x12B)
[0215/185036.971:ERROR:process_memory_win.cc(73)] ReadMemory at 0x22fb43a37c0 of 132 bytes failed: Only part of a ReadProcessMemory or WriteProcessMemory request was completed. (0x12B)
[0215/185036.971:ERROR:process_memory_win.cc(73)] ReadMemory at 0x22fb43a38f0 of 132 bytes failed: Only part of a ReadProcessMemory or WriteProcessMemory request was completed. (0x12B)
[0215/185036.971:ERROR:process_memory_win.cc(73)] ReadMemory at 0x22fb43a4320 of 132 bytes failed: Only part of a ReadProcessMemory or WriteProcessMemory request was completed. (0x12B)
[0215/185036.971:ERROR:process_memory_win.cc(73)] ReadMemory at 0x22fb43a4d80 of 62 bytes failed: Only part of a ReadProcessMemory or WriteProcessMemory request was completed. (0x12B)
[0215/185036.972:ERROR:process_memory_win.cc(73)] ReadMemory at 0x22fb43a4e20 of 64 bytes failed: Only part of a ReadProcessMemory or WriteProcessMemory request was completed. (0x12B)
[0215/185036.972:ERROR:process_memory_win.cc(73)] ReadMemory at 0x22fb43a4fb0 of 60 bytes failed: Only part of a ReadProcessMemory or WriteProcessMemory request was completed. (0x12B)
[0215/185036.972:ERROR:process_memory_win.cc(73)] ReadMemory at 0x22fb43a5000 of 60 bytes failed: Only part of a ReadProcessMemory or WriteProcessMemory request was completed. (0x12B)
[0215/185036.972:ERROR:process_memory_win.cc(73)] ReadMemory at 0x22fb43a50a0 of 64 bytes failed: Only part of a ReadProcessMemory or WriteProcessMemory request was completed. (0x12B)
[0215/185036.972:ERROR:process_memory_win.cc(73)] ReadMemory at 0x22fb43a50f0 of 60 bytes failed: Only part of a ReadProcessMemory or WriteProcessMemory request was completed. (0x12B)
[0215/185036.972:ERROR:process_memory_win.cc(73)] ReadMemory at 0x22fb43a5190 of 62 bytes failed: Only part of a ReadProcessMemory or WriteProcessMemory request was completed. (0x12B)
[0215/185036.973:ERROR:process_memory_win.cc(73)] ReadMemory at 0x22fb43a51e0 of 62 bytes failed: Only part of a ReadProcessMemory or WriteProcessMemory request was completed. (0x12B)
[0215/185036.973:ERROR:process_memory_win.cc(73)] ReadMemory at 0x22fb43a5230 of 66 bytes failed: Only part of a ReadProcessMemory or WriteProcessMemory request was completed. (0x12B)
[0215/185036.973:ERROR:process_memory_win.cc(73)] ReadMemory at 0x22fb43a5280 of 62 bytes failed: Only part of a ReadProcessMemory or WriteProcessMemory request was completed. (0x12B)
[0215/185036.973:ERROR:process_memory_win.cc(73)] ReadMemory at 0x22fb43a5410 of 62 bytes failed: Only part of a ReadProcessMemory or WriteProcessMemory request was completed. (0x12B)
[0215/185036.973:ERROR:process_memory_win.cc(73)] ReadMemory at 0x22fb43a5460 of 58 bytes failed: Only part of a ReadProcessMemory or WriteProcessMemory request was completed. (0x12B)
[0215/185036.973:ERROR:process_memory_win.cc(73)] ReadMemory at 0x22fb43a54b0 of 60 bytes failed: Only part of a ReadProcessMemory or WriteProcessMemory request was completed. (0x12B)
[0215/185036.973:ERROR:process_memory_win.cc(73)] ReadMemory at 0x22fb43a5640 of 64 bytes failed: Only part of a ReadProcessMemory or WriteProcessMemory request was completed. (0x12B)
[0215/185036.974:ERROR:process_memory_win.cc(73)] ReadMemory at 0x22fb43a5690 of 62 bytes failed: Only part of a ReadProcessMemory or WriteProcessMemory request was completed. (0x12B)
[0215/185036.974:ERROR:process_memory_win.cc(73)] ReadMemory at 0x22fb43a56e0 of 62 bytes failed: Only part of a ReadProcessMemory or WriteProcessMemory request was completed. (0x12B)
[0215/185036.974:ERROR:process_memory_win.cc(73)] ReadMemory at 0x22fb43a5910 of 64 bytes failed: Only part of a ReadProcessMemory or WriteProcessMemory request was completed. (0x12B)
[0215/185036.974:ERROR:process_memory_win.cc(73)] ReadMemory at 0x22fb43a5af0 of 62 bytes failed: Only part of a ReadProcessMemory or WriteProcessMemory request was completed. (0x12B)
[0215/185036.974:ERROR:process_memory_win.cc(73)] ReadMemory at 0x22fb43a9c70 of 132 bytes failed: Only part of a ReadProcessMemory or WriteProcessMemory request was completed. (0x12B)
[0215/185036.974:ERROR:process_memory_win.cc(73)] ReadMemory at 0x22fb43a9fe0 of 132 bytes failed: Only part of a ReadProcessMemory or WriteProcessMemory request was completed. (0x12B)
[0215/185036.975:ERROR:process_memory_win.cc(73)] ReadMemory at 0x22fb43aa110 of 132 bytes failed: Only part of a ReadProcessMemory or WriteProcessMemory request was completed. (0x12B)
[0215/185036.975:ERROR:process_memory_win.cc(73)] ReadMemory at 0x22fb43aa240 of 132 bytes failed: Only part of a ReadProcessMemory or WriteProcessMemory request was completed. (0x12B)
[0215/185036.975:ERROR:process_memory_win.cc(73)] ReadMemory at 0x22fb43aa370 of 132 bytes failed: Only part of a ReadProcessMemory or WriteProcessMemory request was completed. (0x12B)
[0215/185036.975:ERROR:process_memory_win.cc(73)] ReadMemory at 0x22fb43aa4a0 of 132 bytes failed: Only part of a ReadProcessMemory or WriteProcessMemory request was completed. (0x12B)
[0215/185036.975:ERROR:process_memory_win.cc(73)] ReadMemory at 0x22fb43aa5d0 of 132 bytes failed: Only part of a ReadProcessMemory or WriteProcessMemory request was completed. (0x12B)
[0215/185036.975:ERROR:process_memory_win.cc(73)] ReadMemory at 0x22fb43aa700 of 132 bytes failed: Only part of a ReadProcessMemory or WriteProcessMemory request was completed. (0x12B)
[0215/185036.976:ERROR:process_memory_win.cc(73)] ReadMemory at 0x22fb43aa830 of 132 bytes failed: Only part of a ReadProcessMemory or WriteProcessMemory request was completed. (0x12B)
[0215/185036.976:ERROR:process_memory_win.cc(73)] ReadMemory at 0x22fb43aa960 of 132 bytes failed: Only part of a ReadProcessMemory or WriteProcessMemory request was completed. (0x12B)
[0215/185036.976:ERROR:process_memory_win.cc(73)] ReadMemory at 0x22fb43aabc0 of 132 bytes failed: Only part of a ReadProcessMemory or WriteProcessMemory request was completed. (0x12B)
[0215/185036.976:ERROR:process_memory_win.cc(73)] ReadMemory at 0x22fb43aacf0 of 132 bytes failed: Only part of a ReadProcessMemory or WriteProcessMemory request was completed. (0x12B)
[0215/185036.976:ERROR:process_memory_win.cc(73)] ReadMemory at 0x22fb43aae20 of 132 bytes failed: Only part of a ReadProcessMemory or WriteProcessMemory request was completed. (0x12B)
[0215/185036.977:ERROR:process_memory_win.cc(73)] ReadMemory at 0x22fb43aaff0 of 132 bytes failed: Only part of a ReadProcessMemory or WriteProcessMemory request was completed. (0x12B)
[0215/185036.977:ERROR:process_memory_win.cc(73)] ReadMemory at 0x22fb43ab250 of 132 bytes failed: Only part of a ReadProcessMemory or WriteProcessMemory request was completed. (0x12B)
[0215/185036.977:ERROR:process_memory_win.cc(73)] ReadMemory at 0x22fb43ab5e0 of 132 bytes failed: Only part of a ReadProcessMemory or WriteProcessMemory request was completed. (0x12B)
[0215/185036.977:ERROR:process_memory_win.cc(73)] ReadMemory at 0x22fb43abaa0 of 132 bytes failed: Only part of a ReadProcessMemory or WriteProcessMemory request was completed. (0x12B)
[0215/185036.977:ERROR:process_memory_win.cc(73)] ReadMemory at 0x22fb43ac2f0 of 132 bytes failed: Only part of a ReadProcessMemory or WriteProcessMemory request was completed. (0x12B)
[0215/185036.977:ERROR:process_memory_win.cc(73)] ReadMemory at 0x22fb43ac420 of 132 bytes failed: Only part of a ReadProcessMemory or WriteProcessMemory request was completed. (0x12B)
[0215/185036.978:ERROR:process_memory_win.cc(73)] ReadMemory at 0x22fb43ac550 of 132 bytes failed: Only part of a ReadProcessMemory or WriteProcessMemory request was completed. (0x12B)
[0215/185036.978:ERROR:process_memory_win.cc(73)] ReadMemory at 0x22fb43ac680 of 132 bytes failed: Only part of a ReadProcessMemory or WriteProcessMemory request was completed. (0x12B)
[0215/185036.978:ERROR:process_memory_win.cc(73)] ReadMemory at 0x22fb43ac7b0 of 132 bytes failed: Only part of a ReadProcessMemory or WriteProcessMemory request was completed. (0x12B)
[0215/185036.978:ERROR:process_memory_win.cc(73)] ReadMemory at 0x22fb43c09f0 of 512 bytes failed: Only part of a ReadProcessMemory or WriteProcessMemory request was completed. (0x12B)
[0215/185036.979:ERROR:process_memory_win.cc(73)] ReadMemory at 0x22fb43c1960 of 512 bytes failed: Only part of a ReadProcessMemory or WriteProcessMemory request was completed. (0x12B)
[0215/185036.980:ERROR:process_memory_win.cc(73)] ReadMemory at 0x22fb47a0000 of 384 bytes failed: Only part of a ReadProcessMemory or WriteProcessMemory request was completed. (0x12B)
[0215/185036.980:ERROR:process_memory_win.cc(73)] ReadMemory at 0x22fb47d7778 of 512 bytes failed: Only part of a ReadProcessMemory or WriteProcessMemory request was completed. (0x12B)
[0215/185036.980:ERROR:process_memory_win.cc(73)] ReadMemory at 0x22fb47e55e0 of 512 bytes failed: Only part of a ReadProcessMemory or WriteProcessMemory request was completed. (0x12B)
[0215/185036.980:ERROR:process_memory_win.cc(73)] ReadMemory at 0x22fb48c61fc of 512 bytes failed: Only part of a ReadProcessMemory or WriteProcessMemory request was completed. (0x12B)
[0215/185036.981:ERROR:process_memory_win.cc(73)] ReadMemory at 0x7ffb34385000 of 259 bytes failed: Only part of a ReadProcessMemory or WriteProcessMemory request was completed. (0x12B)
[0215/185037.310:ERROR:process_info.cc(359)] UncheckedAllocate
[0215/185037.676:ERROR:scoped_process_suspend.cc(40)] NtResumeProcess: An attempt was made to access an exiting process. (0xc000010a)
[0215/185144.686:ERROR:process_info.cc(359)] UncheckedAllocate
[0215/185226.028:ERROR:scoped_process_suspend.cc(31)] NtSuspendProcess: An attempt was made to access an exiting process. (0xc000010a)
[0215/185226.028:ERROR:process_info.cc(118)] ReadProcessMemory bool __cdecl crashpad::(anonymous namespace)::ReadStruct(HANDLE, crashpad::WinVMAddress, T *) [T = crashpad::process_types::PEB<crashpad::process_types::internal::Traits64>]: Only part of a ReadProcessMemory or WriteProcessMemory request was completed. (0x12B)
[0215/185226.028:ERROR:process_info.cc(551)] ReadProcessData failed
[0215/215825.778:ERROR:process_info.cc(359)] UncheckedAllocate
[0215/220032.275:ERROR:process_info.cc(359)] UncheckedAllocate
